CONTEXT-SENSITIVE REDUCTION SYSTEM:

symbs: [ ] s a b c x y
terms: [ ] a b c
goal:  s
reductions:
(1) [ a b c ] --> [ s ]
(2) c c ] --> x c ]
(3) c x --> x c
(4) b x --> y
(5) b y --> y b
(6) a a y --> a

DFA PARSER:

0 . 

0 [ 1 a 2 a 3 a 3 b 4 b 4 b 4 c 6 c 7 c 7 ] 8 .
  11 compares and applying 1: (2) c c ] --> x c ]
0 [ 1 a 2 a 3 a 3 b 4 b 4 b 4 c 6 . x - c - ] -

0 [ 1 a 2 a 3 a 3 b 4 b 4 b 4 c 6 x 9 . c - ] -
  1 compares and applying 2: (3) c x --> x c
0 [ 1 a 2 a 3 a 3 b 4 b 4 b 4 . x - c - c - ] -

0 [ 1 a 2 a 3 a 3 b 4 b 4 b 4 x 10 . c - c - ] -
  1 compares and applying 3: (4) b x --> y
0 [ 1 a 2 a 3 a 3 b 4 b 4 . y - c - c - ] -

0 [ 1 a 2 a 3 a 3 b 4 b 4 y 11 . c - c - ] -
  1 compares and applying 4: (5) b y --> y b
0 [ 1 a 2 a 3 a 3 b 4 . y - b - c - c - ] -

0 [ 1 a 2 a 3 a 3 b 4 y 11 . b - c - c - ] -
  1 compares and applying 5: (5) b y --> y b
0 [ 1 a 2 a 3 a 3 . y - b - b - c - c - ] -

0 [ 1 a 2 a 3 a 3 y 12 . b - b - c - c - ] -
  1 compares and applying 6: (6) a a y --> a
0 [ 1 a 2 . a - b - b - c - c - ] -

0 [ 1 a 2 a 3 b 4 b 4 c 6 c 7 ] 8 .
  6 compares and applying 7: (2) c c ] --> x c ]
0 [ 1 a 2 a 3 b 4 b 4 . x - c - ] -

0 [ 1 a 2 a 3 b 4 b 4 x 10 . c - ] -
  1 compares and applying 8: (4) b x --> y
0 [ 1 a 2 a 3 b 4 . y - c - ] -

0 [ 1 a 2 a 3 b 4 y 11 . c - ] -
  1 compares and applying 9: (5) b y --> y b
0 [ 1 a 2 a 3 . y - b - c - ] -

0 [ 1 a 2 a 3 y 12 . b - c - ] -
  1 compares and applying 10: (6) a a y --> a
0 [ 1 . a - b - c - ] -

0 [ 1 a 2 b 13 c 14 ] 15 .
  4 compares and applying 11: (1) [ a b c ] --> [ s ]
0 . [ - s - ] -

0 [ 1 s 0 ] 0 .
  3 compares

32 total compares

