CONTEXT-SENSITIVE REDUCTION SYSTEM:

symbs: [ ] s a b c x y
terms: [ ] a b c
goal:  s
reductions:
(1) [ a b c ] --> [ s ]
(2) c c ] --> x c ]
(3) c x --> x c
(4) b b x --> y b
(5) b y --> y b
(6) a a y --> a

DFA PARSER:

0 . 

0 [ 1 a 2 a 3 a 3 b 4 b 10 b 10 c 6 c 7 c 7 ] 8 .
  11 compares and applying 1: (2) c c ] --> x c ]
0 [ 1 a 2 a 3 a 3 b 4 b 10 b 10 c 6 . x - c - ] -

0 [ 1 a 2 a 3 a 3 b 4 b 10 b 10 c 6 x 9 . c - ] -
  1 compares and applying 2: (3) c x --> x c
0 [ 1 a 2 a 3 a 3 b 4 b 10 b 10 . x - c - c - ] -

0 [ 1 a 2 a 3 a 3 b 4 b 10 b 10 x 11 . c - c - ] -
  1 compares and applying 3: (4) b b x --> y b
0 [ 1 a 2 a 3 a 3 b 4 . y - b - c - c - ] -

0 [ 1 a 2 a 3 a 3 b 4 y 12 . b - c - c - ] -
  1 compares and applying 4: (5) b y --> y b
0 [ 1 a 2 a 3 a 3 . y - b - b - c - c - ] -

0 [ 1 a 2 a 3 a 3 y 13 . b - b - c - c - ] -
  1 compares and applying 5: (6) a a y --> a
0 [ 1 a 2 . a - b - b - c - c - ] -

0 [ 1 a 2 a 3 b 4 b 10 c 6 c 7 ] 8 .
  6 compares and applying 6: (2) c c ] --> x c ]
0 [ 1 a 2 a 3 b 4 b 10 . x - c - ] -

0 [ 1 a 2 a 3 b 4 b 10 x 11 . c - ] -
  1 compares and applying 7: (4) b b x --> y b
0 [ 1 a 2 a 3 . y - b - c - ] -

0 [ 1 a 2 a 3 y 13 . b - c - ] -
  1 compares and applying 8: (6) a a y --> a
0 [ 1 . a - b - c - ] -

0 [ 1 a 2 b 14 c 15 ] 16 .
  4 compares and applying 9: (1) [ a b c ] --> [ s ]
0 . [ - s - ] -

0 [ 1 s 0 ] 0 .
  3 compares

30 total compares

