CONTEXT-SENSITIVE REDUCTION SYSTEM:

symbs: [ ] s a b c x y
terms: [ ] a b c
goal:  s
reductions:
(1) [ a b c ] --> [ s ]
(2) [ a a --> [ a x
(3) x a --> a x
(4) x b --> y
(5) y b --> b y
(6) y c c --> c

NAIVE PARSER:

. 
. [ a a
  3 compares and applying 1: (2) [ a a --> [ a x
. [ a x

. [ a x
[ a . x a
  6 compares and applying 2: (3) x a --> a x
[ a . a x

. [ a a x
. [ a a x
  3 compares and applying 3: (2) [ a a --> [ a x
. [ a x x

. [ a x x
[ a x . x b
  8 compares and applying 4: (4) x b --> y
[ a x . y

. [ a x y
[ a x . y b
  8 compares and applying 5: (5) y b --> b y
[ a x . b y

. [ a x b y
[ a . x b y
  6 compares and applying 6: (4) x b --> y
[ a . y y

. [ a y y
[ a y . y b
  8 compares and applying 7: (5) y b --> b y
[ a y . b y

. [ a y b y
[ a . y b y
  6 compares and applying 8: (5) y b --> b y
[ a . b y y

. [ a b y y
[ a b y . y c c
  11 compares and applying 9: (6) y c c --> c
[ a b y . c

. [ a b y c
[ a b . y c c
  9 compares and applying 10: (6) y c c --> c
[ a b . c

. [ a b c
. [ a b c ]
  5 compares and applying 11: (1) [ a b c ] --> [ s ]
. [ s ]

. [ s ]
[ s ] .
   compares

77 total compares

