CONTEXT-SENSITIVE REDUCTION SYSTEM:

symbs: [ ] s a b c x y
terms: [ ] a b c
goal:  s
reductions:
(1) [ a b c ] --> [ s ]
(2) c c ] --> x c ]
(3) c x --> x c
(4) b b x --> y b
(5) b y --> y b
(6) a a y --> a

NAIVE PARSER:

. 
[ a a a b b b c . c c ]
  25 compares and applying 1: (2) c c ] --> x c ]
[ a a a b b b c . x c ]

. [ a a a b b b c x c ]
[ a a a b b b . c x c ]
  21 compares and applying 2: (3) c x --> x c
[ a a a b b b . x c c ]

. [ a a a b b b x c c ]
[ a a a b . b b x c c ]
  17 compares and applying 3: (4) b b x --> y b
[ a a a b . y b c c ]

. [ a a a b y b c c ]
[ a a a . b y b c c ]
  13 compares and applying 4: (5) b y --> y b
[ a a a . y b b c c ]

. [ a a a y b b c c ]
[ a . a a y b b c c ]
  9 compares and applying 5: (6) a a y --> a
[ a . a b b c c ]

. [ a a b b c c ]
[ a a b b . c c ]
  16 compares and applying 6: (2) c c ] --> x c ]
[ a a b b . x c ]

. [ a a b b x c ]
[ a a . b b x c ]
  11 compares and applying 7: (4) b b x --> y b
[ a a . y b c ]

. [ a a y b c ]
[ . a a y b c ]
  6 compares and applying 8: (6) a a y --> a
[ . a b c ]

. [ a b c ]
. [ a b c ]
  5 compares and applying 9: (1) [ a b c ] --> [ s ]
. [ s ]

. [ s ]
[ s ] .
   compares

127 total compares

