CONTEXT-SENSITIVE REDUCTION SYSTEM:

symbs: [ ] s a b c S Q
terms: [ ] a b c
goal:  s
reductions:
(1) a b c --> S
(2) a S Q --> S
(3) b b c c --> b Q c
(4) Q c --> c Q

DFA PARSER:

0 . 

0 [ 0 a 1 a 1 b 2 b 3 c 4 c 8 . 
  7 compares and applying 1: (3) b b c c --> b Q c
0 [ 0 a 1 a 1 . b - Q - c -

0 [ 0 a 1 a 1 b 2 Q 6 c 7 . 
  3 compares and applying 2: (4) Q c --> c Q
0 [ 0 a 1 a 1 b 2 . c - Q -

0 [ 0 a 1 a 1 b 2 c 9 . Q -
  1 compares and applying 3: (1) a b c --> S
0 [ 0 a 1 . S - Q -

0 [ 0 a 1 S 10 Q 11 . 
  2 compares and applying 4: (2) a S Q --> S
0 [ 0 . S -

0 [ 0 S 0 ] 0 .
  2 compares

15 total compares

